2022-08-20 18:50:05.167 [main] WARN  org.mybatis.spring.mapper.ClassPathMapperScanner - Skipping MapperFactoryBean with name 'adminMapper' and 'com.yoyo.yoyomall.mapper.AdminMapper' mapperInterface. Bean already defined with the same name!
2022-08-20 18:50:05.170 [main] WARN  org.mybatis.spring.mapper.ClassPathMapperScanner - No MyBatis mapper was found in '[com.yoyo.yoyomall.mapper]' package. Please check your configuration.
2022-08-20 18:50:05.399 [main] WARN  o.s.c.a.AnnotationConfigApplicationContext - Exception encountered during context initialization - cancelling refresh attempt: org.springframework.beans.factory.UnsatisfiedDependencyException: Error creating bean with name 'adminController': Unsatisfied dependency expressed through field 'adminService'; nested exception is org.springframework.beans.factory.UnsatisfiedDependencyException: Error creating bean with name 'adminServiceImpl': Unsatisfied dependency expressed through field 'baseMapper'; nested exception is org.springframework.beans.factory.BeanCreationException: Error creating bean with name 'adminMapper' defined in file [D:\JAVA\UUmall\target\classes\com\yoyo\yoyomall\mapper\AdminMapper.class]: Invocation of init method failed; nested exception is java.lang.IllegalArgumentException: Property 'sqlSessionFactory' or 'sqlSessionTemplate' are required
2022-08-20 18:51:07.613 [main] WARN  org.mybatis.spring.mapper.ClassPathMapperScanner - Skipping MapperFactoryBean with name 'adminMapper' and 'com.yoyo.yoyomall.mapper.AdminMapper' mapperInterface. Bean already defined with the same name!
2022-08-20 18:51:07.616 [main] WARN  org.mybatis.spring.mapper.ClassPathMapperScanner - No MyBatis mapper was found in '[com.yoyo.yoyomall.mapper]' package. Please check your configuration.
2022-08-20 18:51:07.849 [main] WARN  o.s.c.a.AnnotationConfigApplicationContext - Exception encountered during context initialization - cancelling refresh attempt: org.springframework.beans.factory.UnsatisfiedDependencyException: Error creating bean with name 'adminController': Unsatisfied dependency expressed through field 'adminService'; nested exception is org.springframework.beans.factory.UnsatisfiedDependencyException: Error creating bean with name 'adminServiceImpl': Unsatisfied dependency expressed through field 'baseMapper'; nested exception is org.springframework.beans.factory.BeanCreationException: Error creating bean with name 'adminMapper' defined in file [D:\JAVA\UUmall\target\classes\com\yoyo\yoyomall\mapper\AdminMapper.class]: Invocation of init method failed; nested exception is java.lang.IllegalArgumentException: Property 'sqlSessionFactory' or 'sqlSessionTemplate' are required
2022-08-20 18:52:08.861 [main] WARN  org.mybatis.spring.mapper.ClassPathMapperScanner - Skipping MapperFactoryBean with name 'adminMapper' and 'com.yoyo.yoyomall.mapper.AdminMapper' mapperInterface. Bean already defined with the same name!
2022-08-20 18:52:08.864 [main] WARN  org.mybatis.spring.mapper.ClassPathMapperScanner - No MyBatis mapper was found in '[com.yoyo.yoyomall.mapper]' package. Please check your configuration.
2022-08-20 18:54:35.542 [main] WARN  org.mybatis.spring.mapper.ClassPathMapperScanner - Skipping MapperFactoryBean with name 'adminMapper' and 'com.yoyo.yoyomall.mapper.AdminMapper' mapperInterface. Bean already defined with the same name!
2022-08-20 18:54:35.545 [main] WARN  org.mybatis.spring.mapper.ClassPathMapperScanner - No MyBatis mapper was found in '[com.yoyo.yoyomall.mapper]' package. Please check your configuration.

2022-08-22 16:18:40.271 [main] WARN  o.s.b.w.s.c.AnnotationConfigServletWebServerApplicationContext - Exception encountered during context initialization - cancelling refresh attempt: org.springframework.beans.factory.BeanCreationException: Error creating bean with name 'requestMappingHandlerMapping' defined in class path resource [org/springframework/boot/autoconfigure/web/servlet/WebMvcAutoConfiguration$EnableWebMvcConfiguration.class]: Invocation of init method failed; nested exception is java.lang.IllegalStateException: Ambiguous mapping. Cannot map 'adminController' method 
com.yoyo.yoyomall.controller.AdminController#login(AdminVo)
to {POST /manager/admin/save}: There is already 'adminController' bean method
com.yoyo.yoyomall.controller.AdminController#save(AdminVo) mapped.
2022-08-22 20:07:32.197 [main] WARN  o.s.b.t.j.DuplicateJsonObjectContextCustomizerFactory$DuplicateJsonObjectContextCustomizer - 

Found multiple occurrences of org.json.JSONObject on the class path:

	jar:file:/D:/JavaWebStudy/apache-maven-3.5.2/repository/org/json/json/20170516/json-20170516.jar!/org/json/JSONObject.class
	jar:file:/D:/JavaWebStudy/apache-maven-3.5.2/repository/com/vaadin/external/google/android-json/0.0.20131108.vaadin1/android-json-0.0.20131108.vaadin1.jar!/org/json/JSONObject.class

You may wish to exclude one of them to ensure predictable runtime behavior

2022-08-22 21:43:07.261 [main] WARN  o.s.b.t.j.DuplicateJsonObjectContextCustomizerFactory$DuplicateJsonObjectContextCustomizer - 

Found multiple occurrences of org.json.JSONObject on the class path:

	jar:file:/D:/JavaWebStudy/apache-maven-3.5.2/repository/org/json/json/20170516/json-20170516.jar!/org/json/JSONObject.class
	jar:file:/D:/JavaWebStudy/apache-maven-3.5.2/repository/com/vaadin/external/google/android-json/0.0.20131108.vaadin1/android-json-0.0.20131108.vaadin1.jar!/org/json/JSONObject.class

You may wish to exclude one of them to ensure predictable runtime behavior

2022-08-22 21:43:13.586 [main] WARN  o.s.b.t.j.DuplicateJsonObjectContextCustomizerFactory$DuplicateJsonObjectContextCustomizer - 

Found multiple occurrences of org.json.JSONObject on the class path:

	jar:file:/D:/JavaWebStudy/apache-maven-3.5.2/repository/org/json/json/20170516/json-20170516.jar!/org/json/JSONObject.class
	jar:file:/D:/JavaWebStudy/apache-maven-3.5.2/repository/com/vaadin/external/google/android-json/0.0.20131108.vaadin1/android-json-0.0.20131108.vaadin1.jar!/org/json/JSONObject.class

You may wish to exclude one of them to ensure predictable runtime behavior

